#
# A fatal error has been detected by the Java Runtime Environment:
#
#  SIGSEGV (0xb) at pc=0x00007f4a7bf18b3e, pid=12075, tid=0x00007f4a7d5eb700
#
# JRE version: OpenJDK Runtime Environment (8.0_111-b14) (build 1.8.0_111-8u111-b14-2ubuntu0.16.04.2-b14)
# Java VM: OpenJDK 64-Bit Server VM (25.111-b14 mixed mode linux-amd64 compressed oops)
# Problematic frame:
# V  [libjvm.so+0x675b3e]
#
# Failed to write core dump. Core dumps have been disabled. To enable core dumping, try "ulimit -c unlimited" before starting Java again
#
# If you would like to submit a bug report, please visit:
#   http://bugreport.java.com/bugreport/crash.jsp
#

---------------  T H R E A D  ---------------

Current thread (0x00007f4a7400a000):  JavaThread "main" [_thread_in_vm, id=12077, stack(0x00007f4a7d4eb000,0x00007f4a7d5ec000)]

siginfo: si_signo: 11 (SIGSEGV), si_code: 1 (SEGV_MAPERR), si_addr: 0x0000000000000000

Registers:
RAX=0x00007f4a7c389b10, RBX=0x00007f4a7400a000, RCX=0x00007f4a7c793fe0, RDX=0x00007f4a7400ab80
RSP=0x00007f4a7d5e9d40, RBP=0x00007f4a7d5e9db0, RSI=0x0000000000000000, RDI=0x00007f4a7400a000
R8 =0x0000000000000000, R9 =0x00000000000000d7, R10=0x00007f4a741b5030, R11=0xfffffffffffffffe
R12=0x00007f4a7400a1e0, R13=0x0000000000000000, R14=0x00007f4a4a57fab0, R15=0x00007f4a7400a000
RIP=0x00007f4a7bf18b3e, EFLAGS=0x0000000000010206, CSGSFS=0x0000000000000033, ERR=0x0000000000000004
  TRAPNO=0x000000000000000e

Top of Stack: (sp=0x00007f4a7d5e9d40)
0x00007f4a7d5e9d40:   00007f4a7d5e9dd0 0000000000000032
0x00007f4a7d5e9d50:   00007f4a7400a000 00007f4a7400ab78
0x00007f4a7d5e9d60:   00007f4a000000c7 00007f4a7c389b10
0x00007f4a7d5e9d70:   0000000000000001 5de8f4748e538600
0x00007f4a7d5e9d80:   00007f4a741b4df0 00007f4a7400a1e0
0x00007f4a7d5e9d90:   0000000000000000 00007f4a5cf4d148
0x00007f4a7d5e9da0:   00007f4a7d5e9eb8 00007f4a7400a000
0x00007f4a7d5e9db0:   00007f4a7d5e9e80 00007f4a4a57f582
0x00007f4a7d5e9dc0:   00007f4a5cf4d148 0000000000000000
0x00007f4a7d5e9dd0:   00007f4a4a780dc8 0000000000000000
0x00007f4a7d5e9de0:   00007f4a4a57fa7e 00007f4a7400a1e0
0x00007f4a7d5e9df0:   00007f4a7d5e9eb0 00007f4a7415f698
0x00007f4a7d5e9e00:   00007f4a7d5e9e80 5de8f4748e538600
0x00007f4a7d5e9e10:   00007f4a5cf4d148 00007f4a65017774
0x00007f4a7d5e9e20:   00007f4a7d5e9e80 00007f4a650174f9
0x00007f4a7d5e9e30:   0000000500000001 00007f4a650174c2
0x00007f4a7d5e9e40:   00007f4a7d5e9e40 00007f4a5cf4d148
0x00007f4a7d5e9e50:   00007f4a7d5e9eb8 00007f4a5cf69ed8
0x00007f4a7d5e9e60:   0000000000000000 00007f4a5cf4d148
0x00007f4a7d5e9e70:   0000000000000000 00007f4a7d5e9ea0
0x00007f4a7d5e9e80:   00007f4a7d5e9f00 00007f4a65007cb0
0x00007f4a7d5e9e90:   0000000000000000 00007f4a6501127a
0x00007f4a7d5e9ea0:   0000000000000000 00007f4a65007ffd
0x00007f4a7d5e9eb0:   000000076d21ad90 000000076d21b6a8
0x00007f4a7d5e9ec0:   00007f4a7d5e9ec0 00007f4a5cf1eb23
0x00007f4a7d5e9ed0:   00007f4a7d5e9f28 00007f4a5cf30748
0x00007f4a7d5e9ee0:   0000000000000000 00007f4a5cf1eba8
0x00007f4a7d5e9ef0:   00007f4a7d5e9ea0 00007f4a7d5e9f30
0x00007f4a7d5e9f00:   00007f4a7d5e9f90 00007f4a650004e7
0x00007f4a7d5e9f10:   0000000000000000 000000076ccaea68
0x00007f4a7d5e9f20:   000000076d0fbd90 000000076d21ad90
0x00007f4a7d5e9f30:   0000000000001fa0 00007f4a5cf1eba8 

Instructions: (pc=0x00007f4a7bf18b3e)
0x00007f4a7bf18b1e:   83 bc 24 28 fe ff ff 00 48 89 5d a0 48 c7 45 a8
0x00007f4a7bf18b2e:   00 00 00 00 74 09 48 8d 7d a0 e8 f3 4a 29 00 90
0x00007f4a7bf18b3e:   49 8b 7d 00 e8 29 ea fe ff 49 89 c7 48 8b 40 10
0x00007f4a7bf18b4e:   4c 89 ff 48 89 45 98 e8 46 1c 0e 00 48 85 c0 49 

Register to memory mapping:

RAX=0x00007f4a7c389b10: <offset 0xae6b10> in /usr/lib/jvm/java-8-openjdk-amd64/jre/lib/amd64/server/libjvm.so at 0x00007f4a7b8a3000
RBX=0x00007f4a7400a000 is a thread
RCX=0x00007f4a7c793fe0: <offset 0xef0fe0> in /usr/lib/jvm/java-8-openjdk-amd64/jre/lib/amd64/server/libjvm.so at 0x00007f4a7b8a3000
RDX=0x00007f4a7400ab80 is an unknown value
RSP=0x00007f4a7d5e9d40 is pointing into the stack for thread: 0x00007f4a7400a000
RBP=0x00007f4a7d5e9db0 is pointing into the stack for thread: 0x00007f4a7400a000
RSI=0x0000000000000000 is an unknown value
RDI=0x00007f4a7400a000 is a thread
R8 =0x0000000000000000 is an unknown value
R9 =0x00000000000000d7 is an unknown value
R10=0x00007f4a741b5030 is an unknown value
R11=0xfffffffffffffffe is an unknown value
R12=0x00007f4a7400a1e0 is an unknown value
R13=0x0000000000000000 is an unknown value
R14=0x00007f4a4a57fab0: <offset 0x1ab0> in /home/stefan/git/wulffrunsbeta/src/main/libHPK_Praktikum4_Cpp at 0x00007f4a4a57e000
R15=0x00007f4a7400a000 is a thread


Stack: [0x00007f4a7d4eb000,0x00007f4a7d5ec000],  sp=0x00007f4a7d5e9d40,  free space=1019k
Native frames: (J=compiled Java code, j=interpreted, Vv=VM code, C=native code)
V  [libjvm.so+0x675b3e]
C  [libHPK_Praktikum4_Cpp+0x1582]  Java_de_nog_Differentiator_differentiate+0xd2
j  de.lab4inf.wrb.Prak4Tester.checkNatives()V+115
v  ~StubRoutines::call_stub
V  [libjvm.so+0x66088b]
V  [libjvm.so+0x935a26]
V  [libjvm.so+0x93773f]
V  [libjvm.so+0x6ac489]  JVM_InvokeMethod+0x119
j  sun.reflect.NativeMethodAccessorImpl.invoke0(Ljava/lang/reflect/Method;Ljava/lang/Object;[Ljava/lang/Object;)Ljava/lang/Object;+0
j  sun.reflect.NativeMethodAccessorImpl.invoke(Ljava/lang/Object;[Ljava/lang/Object;)Ljava/lang/Object;+100
j  sun.reflect.DelegatingMethodAccessorImpl.invoke(Ljava/lang/Object;[Ljava/lang/Object;)Ljava/lang/Object;+6
j  java.lang.reflect.Method.invoke(Ljava/lang/Object;[Ljava/lang/Object;)Ljava/lang/Object;+56
j  org.junit.runners.model.FrameworkMethod$1.runReflectiveCall()Ljava/lang/Object;+15
j  org.junit.internal.runners.model.ReflectiveCallable.run()Ljava/lang/Object;+1
j  org.junit.runners.model.FrameworkMethod.invokeExplosively(Ljava/lang/Object;[Ljava/lang/Object;)Ljava/lang/Object;+10
j  org.junit.internal.runners.statements.RunBefores.evaluate()V+38
j  org.junit.runners.ParentRunner.run(Lorg/junit/runner/notification/RunNotifier;)V+20
j  org.eclipse.jdt.internal.junit4.runner.JUnit4TestReference.run(Lorg/eclipse/jdt/internal/junit/runner/TestExecution;)V+72
j  org.eclipse.jdt.internal.junit.runner.TestExecution.run([Lorg/eclipse/jdt/internal/junit/runner/ITestReference;)V+17
j  org.eclipse.jdt.internal.junit.runner.RemoteTestRunner.runTests([Ljava/lang/String;Ljava/lang/String;Lorg/eclipse/jdt/internal/junit/runner/TestExecution;)V+61
j  org.eclipse.jdt.internal.junit.runner.RemoteTestRunner.runTests(Lorg/eclipse/jdt/internal/junit/runner/TestExecution;)V+10
j  org.eclipse.jdt.internal.junit.runner.RemoteTestRunner.run()V+70
j  org.eclipse.jdt.internal.junit.runner.RemoteTestRunner.main([Ljava/lang/String;)V+14
v  ~StubRoutines::call_stub
V  [libjvm.so+0x66088b]
V  [libjvm.so+0x6825ce]
V  [libjvm.so+0x684eff]
C  [libjli.so+0x3552]
C  [libjli.so+0x73dd]
C  [libpthread.so.0+0x770a]  start_thread+0xca

Java frames: (J=compiled Java code, j=interpreted, Vv=VM code)
j  de.nog.Differentiator.differentiate(Lde/lab4inf/wrb/Function;D)D+0
j  de.lab4inf.wrb.Prak4Tester.checkNatives()V+115
v  ~StubRoutines::call_stub
j  sun.reflect.NativeMethodAccessorImpl.invoke0(Ljava/lang/reflect/Method;Ljava/lang/Object;[Ljava/lang/Object;)Ljava/lang/Object;+0
j  sun.reflect.NativeMethodAccessorImpl.invoke(Ljava/lang/Object;[Ljava/lang/Object;)Ljava/lang/Object;+100
j  sun.reflect.DelegatingMethodAccessorImpl.invoke(Ljava/lang/Object;[Ljava/lang/Object;)Ljava/lang/Object;+6
j  java.lang.reflect.Method.invoke(Ljava/lang/Object;[Ljava/lang/Object;)Ljava/lang/Object;+56
j  org.junit.runners.model.FrameworkMethod$1.runReflectiveCall()Ljava/lang/Object;+15
j  org.junit.internal.runners.model.ReflectiveCallable.run()Ljava/lang/Object;+1
j  org.junit.runners.model.FrameworkMethod.invokeExplosively(Ljava/lang/Object;[Ljava/lang/Object;)Ljava/lang/Object;+10
j  org.junit.internal.runners.statements.RunBefores.evaluate()V+38
j  org.junit.runners.ParentRunner.run(Lorg/junit/runner/notification/RunNotifier;)V+20
j  org.eclipse.jdt.internal.junit4.runner.JUnit4TestReference.run(Lorg/eclipse/jdt/internal/junit/runner/TestExecution;)V+72
j  org.eclipse.jdt.internal.junit.runner.TestExecution.run([Lorg/eclipse/jdt/internal/junit/runner/ITestReference;)V+17
j  org.eclipse.jdt.internal.junit.runner.RemoteTestRunner.runTests([Ljava/lang/String;Ljava/lang/String;Lorg/eclipse/jdt/internal/junit/runner/TestExecution;)V+61
j  org.eclipse.jdt.internal.junit.runner.RemoteTestRunner.runTests(Lorg/eclipse/jdt/internal/junit/runner/TestExecution;)V+10
j  org.eclipse.jdt.internal.junit.runner.RemoteTestRunner.run()V+70
j  org.eclipse.jdt.internal.junit.runner.RemoteTestRunner.main([Ljava/lang/String;)V+14
v  ~StubRoutines::call_stub

---------------  P R O C E S S  ---------------

Java Threads: ( => current thread )
  0x00007f4a74168000 JavaThread "ReaderThread" [_thread_in_native, id=12096, stack(0x00007f4a4a782000,0x00007f4a4a883000)]
  0x00007f4a740ba800 JavaThread "Service Thread" daemon [_thread_blocked, id=12094, stack(0x00007f4a4ae9d000,0x00007f4a4af9e000)]
  0x00007f4a740b3000 JavaThread "C1 CompilerThread2" daemon [_thread_in_native, id=12093, stack(0x00007f4a4af9e000,0x00007f4a4b09f000)]
  0x00007f4a740b1800 JavaThread "C2 CompilerThread1" daemon [_thread_blocked, id=12092, stack(0x00007f4a4b09f000,0x00007f4a4b1a0000)]
  0x00007f4a740ae800 JavaThread "C2 CompilerThread0" daemon [_thread_blocked, id=12091, stack(0x00007f4a4b1a0000,0x00007f4a4b2a1000)]
  0x00007f4a740ac800 JavaThread "Signal Dispatcher" daemon [_thread_blocked, id=12090, stack(0x00007f4a4b2a1000,0x00007f4a4b3a2000)]
  0x00007f4a74084000 JavaThread "Finalizer" daemon [_thread_blocked, id=12089, stack(0x00007f4a4b7f8000,0x00007f4a4b8f9000)]
  0x00007f4a7407f800 JavaThread "Reference Handler" daemon [_thread_blocked, id=12088, stack(0x00007f4a4b8f9000,0x00007f4a4b9fa000)]
=>0x00007f4a7400a000 JavaThread "main" [_thread_in_vm, id=12077, stack(0x00007f4a7d4eb000,0x00007f4a7d5ec000)]

Other Threads:
  0x00007f4a74077800 VMThread [stack: 0x00007f4a4b9fa000,0x00007f4a4bafb000] [id=12087]
  0x00007f4a740bd000 WatcherThread [stack: 0x00007f4a4ad9c000,0x00007f4a4ae9d000] [id=12095]

VM state:not at safepoint (normal execution)

VM Mutex/Monitor currently owned by a thread: None

Heap:
 PSYoungGen      total 74752K, used 7741K [0x000000076cb80000, 0x0000000771e80000, 0x00000007c0000000)
  eden space 64512K, 12% used [0x000000076cb80000,0x000000076d30f648,0x0000000770a80000)
  from space 10240K, 0% used [0x0000000771480000,0x0000000771480000,0x0000000771e80000)
  to   space 10240K, 0% used [0x0000000770a80000,0x0000000770a80000,0x0000000771480000)
 ParOldGen       total 171008K, used 0K [0x00000006c6200000, 0x00000006d0900000, 0x000000076cb80000)
  object space 171008K, 0% used [0x00000006c6200000,0x00000006c6200000,0x00000006d0900000)
 Metaspace       used 4437K, capacity 5056K, committed 5248K, reserved 1056768K
  class space    used 508K, capacity 562K, committed 640K, reserved 1048576K

Card table byte_map: [0x00007f4a793e1000,0x00007f4a79bb1000] byte_map_base: 0x00007f4a75db0000

Marking Bits: (ParMarkBitMap*) 0x00007f4a7c7c0220
 Begin Bits: [0x00007f4a5d310000, 0x00007f4a61188000)
 End Bits:   [0x00007f4a61188000, 0x00007f4a65000000)

Polling page: 0x00007f4a7d612000

CodeCache: size=245760Kb used=1437Kb max_used=1448Kb free=244322Kb
 bounds [0x00007f4a65000000, 0x00007f4a65270000, 0x00007f4a74000000]
 total_blobs=452 nmethods=185 adapters=182
 compilation: enabled

Compilation events (10 events):
Event: 0,116 Thread 0x00007f4a740b3000 nmethod 175 0x00007f4a651644d0 code [0x00007f4a65164620, 0x00007f4a65164890]
Event: 0,116 Thread 0x00007f4a740b3000  167       3       java.lang.StringCoding::access$300 (8 bytes)
Event: 0,116 Thread 0x00007f4a740b3000 nmethod 167 0x00007f4a65164d10 code [0x00007f4a65164ec0, 0x00007f4a651653e8]
Event: 0,116 Thread 0x00007f4a740b3000  184   !   3       java.util.concurrent.ConcurrentHashMap::putVal (362 bytes)
Event: 0,116 Thread 0x00007f4a740b1800  186       4       java.lang.String::replace (127 bytes)
Event: 0,121 Thread 0x00007f4a740ae800  193       4       java.util.concurrent.ConcurrentHashMap::setTabAt (19 bytes)
Event: 0,122 Thread 0x00007f4a740ae800 nmethod 193 0x00007f4a65169150 code [0x00007f4a65169280, 0x00007f4a651692f8]
Event: 0,122 Thread 0x00007f4a740b1800 nmethod 186 0x00007f4a65167390 code [0x00007f4a65167500, 0x00007f4a65167a38]
Event: 0,126 Thread 0x00007f4a740ae800  197  s    4       java.io.ByteArrayOutputStream::write (32 bytes)
Event: 0,127 Thread 0x00007f4a740ae800 nmethod 197 0x00007f4a65166d10 code [0x00007f4a65166e80, 0x00007f4a65167228]

GC Heap History (0 events):
No events

Deoptimization events (1 events):
Event: 0,130 Thread 0x00007f4a7400a000 Uncommon trap: reason=unstable_if action=reinterpret pc=0x00007f4a65167974 method=java.lang.String.replace(CC)Ljava/lang/String; @ 26

Internal exceptions (3 events):
Event: 0,018 Thread 0x00007f4a7400a000 Exception <a 'java/lang/NoSuchMethodError': Method sun.misc.Unsafe.defineClass(Ljava/lang/String;[BII)Ljava/lang/Class; name or signature does not match> (0x000000076cb87c78) thrown at [/build/openjdk-8-8jAw7G/openjdk-8-8u111-b14/src/hotspot/src/share/vm/
Event: 0,018 Thread 0x00007f4a7400a000 Exception <a 'java/lang/NoSuchMethodError': Method sun.misc.Unsafe.prefetchRead(Ljava/lang/Object;J)V name or signature does not match> (0x000000076cb87f60) thrown at [/build/openjdk-8-8jAw7G/openjdk-8-8u111-b14/src/hotspot/src/share/vm/prims/jni.cpp, lin
Event: 0,130 Thread 0x00007f4a7400a000 Exception <a 'java/lang/NoClassDefFoundError': IllegalArgumentException> (0x000000076d220738) thrown at [/build/openjdk-8-8jAw7G/openjdk-8-8u111-b14/src/hotspot/src/share/vm/classfile/systemDictionary.cpp, line 199]

Events (10 events):
Event: 0,129 loading class org/junit/internal/runners/model/ReflectiveCallable done
Event: 0,129 loading class java/lang/reflect/InvocationTargetException
Event: 0,130 loading class java/lang/reflect/InvocationTargetException done
Event: 0,130 loading class de/lab4inf/wrb/Prak4Tester$DummyFunction
Event: 0,130 loading class de/lab4inf/wrb/Prak4Tester$DummyFunction done
Event: 0,130 loading class IllegalArgumentException
Event: 0,130 loading class IllegalArgumentException done
Event: 0,130 Thread 0x00007f4a7400a000 Uncommon trap: trap_request=0xffffff65 fr.pc=0x00007f4a65167974
Event: 0,130 Thread 0x00007f4a7400a000 DEOPT PACKING pc=0x00007f4a65167974 sp=0x00007f4a7d5e8a20
Event: 0,130 Thread 0x00007f4a7400a000 DEOPT UNPACKING pc=0x00007f4a65004f69 sp=0x00007f4a7d5e89c8 mode 2


Dynamic libraries:
00400000-00401000 r-xp 00000000 08:07 1056086                            /usr/lib/jvm/java-8-openjdk-amd64/jre/bin/java
00600000-00601000 r--p 00000000 08:07 1056086                            /usr/lib/jvm/java-8-openjdk-amd64/jre/bin/java
00601000-00602000 rw-p 00001000 08:07 1056086                            /usr/lib/jvm/java-8-openjdk-amd64/jre/bin/java
01ed9000-01efa000 rw-p 00000000 00:00 0                                  [heap]
6c6200000-6d0900000 rw-p 00000000 00:00 0 
6d0900000-76cb80000 ---p 00000000 00:00 0 
76cb80000-771e80000 rw-p 00000000 00:00 0 
771e80000-7c0000000 ---p 00000000 00:00 0 
7c0000000-7c00a0000 rw-p 00000000 00:00 0 
7c00a0000-800000000 ---p 00000000 00:00 0 
7f4a1c000000-7f4a1c021000 rw-p 00000000 00:00 0 
7f4a1c021000-7f4a20000000 ---p 00000000 00:00 0 
7f4a24000000-7f4a240b5000 rw-p 00000000 00:00 0 
7f4a240b5000-7f4a28000000 ---p 00000000 00:00 0 
7f4a28000000-7f4a28021000 rw-p 00000000 00:00 0 
7f4a28021000-7f4a2c000000 ---p 00000000 00:00 0 
7f4a2c000000-7f4a2c06c000 rw-p 00000000 00:00 0 
7f4a2c06c000-7f4a30000000 ---p 00000000 00:00 0 
7f4a30000000-7f4a30021000 rw-p 00000000 00:00 0 
7f4a30021000-7f4a34000000 ---p 00000000 00:00 0 
7f4a34000000-7f4a34021000 rw-p 00000000 00:00 0 
7f4a34021000-7f4a38000000 ---p 00000000 00:00 0 
7f4a38000000-7f4a38093000 rw-p 00000000 00:00 0 
7f4a38093000-7f4a3c000000 ---p 00000000 00:00 0 
7f4a3c000000-7f4a3c021000 rw-p 00000000 00:00 0 
7f4a3c021000-7f4a40000000 ---p 00000000 00:00 0 
7f4a40000000-7f4a40021000 rw-p 00000000 00:00 0 
7f4a40021000-7f4a44000000 ---p 00000000 00:00 0 
7f4a44000000-7f4a44021000 rw-p 00000000 00:00 0 
7f4a44021000-7f4a48000000 ---p 00000000 00:00 0 
7f4a4a57e000-7f4a4a580000 r-xp 00000000 08:07 528581                     /home/stefan/git/wulffrunsbeta/src/main/libHPK_Praktikum4_Cpp
7f4a4a580000-7f4a4a780000 ---p 00002000 08:07 528581                     /home/stefan/git/wulffrunsbeta/src/main/libHPK_Praktikum4_Cpp
7f4a4a780000-7f4a4a781000 r--p 00002000 08:07 528581                     /home/stefan/git/wulffrunsbeta/src/main/libHPK_Praktikum4_Cpp
7f4a4a781000-7f4a4a782000 rw-p 00003000 08:07 528581                     /home/stefan/git/wulffrunsbeta/src/main/libHPK_Praktikum4_Cpp
7f4a4a782000-7f4a4a785000 ---p 00000000 00:00 0 
7f4a4a785000-7f4a4ab84000 rw-p 00000000 00:00 0 
7f4a4ab84000-7f4a4ab9b000 r-xp 00000000 08:07 1056019                    /usr/lib/jvm/java-8-openjdk-amd64/jre/lib/amd64/libnet.so
7f4a4ab9b000-7f4a4ad9a000 ---p 00017000 08:07 1056019                    /usr/lib/jvm/java-8-openjdk-amd64/jre/lib/amd64/libnet.so
7f4a4ad9a000-7f4a4ad9b000 r--p 00016000 08:07 1056019                    /usr/lib/jvm/java-8-openjdk-amd64/jre/lib/amd64/libnet.so
7f4a4ad9b000-7f4a4ad9c000 rw-p 00017000 08:07 1056019                    /usr/lib/jvm/java-8-openjdk-amd64/jre/lib/amd64/libnet.so
7f4a4ad9c000-7f4a4ad9d000 ---p 00000000 00:00 0 
7f4a4ad9d000-7f4a4ae9d000 rw-p 00000000 00:00 0 
7f4a4ae9d000-7f4a4aea0000 ---p 00000000 00:00 0 
7f4a4aea0000-7f4a4af9e000 rw-p 00000000 00:00 0 
7f4a4af9e000-7f4a4afa1000 ---p 00000000 00:00 0 
7f4a4afa1000-7f4a4b09f000 rw-p 00000000 00:00 0 
7f4a4b09f000-7f4a4b0a2000 ---p 00000000 00:00 0 
7f4a4b0a2000-7f4a4b1a0000 rw-p 00000000 00:00 0 
7f4a4b1a0000-7f4a4b1a3000 ---p 00000000 00:00 0 
7f4a4b1a3000-7f4a4b2a1000 rw-p 00000000 00:00 0 
7f4a4b2a1000-7f4a4b2a4000 ---p 00000000 00:00 0 
7f4a4b2a4000-7f4a4b3a2000 rw-p 00000000 00:00 0 
7f4a4b3a2000-7f4a4b7f8000 r--p 00000000 08:07 925243                     /usr/lib/locale/locale-archive
7f4a4b7f8000-7f4a4b7fb000 ---p 00000000 00:00 0 
7f4a4b7fb000-7f4a4b8f9000 rw-p 00000000 00:00 0 
7f4a4b8f9000-7f4a4b8fc000 ---p 00000000 00:00 0 
7f4a4b8fc000-7f4a4b9fa000 rw-p 00000000 00:00 0 
7f4a4b9fa000-7f4a4b9fb000 ---p 00000000 00:00 0 
7f4a4b9fb000-7f4a4c000000 rw-p 00000000 00:00 0 
7f4a4c000000-7f4a4c021000 rw-p 00000000 00:00 0 
7f4a4c021000-7f4a50000000 ---p 00000000 00:00 0 
7f4a50000000-7f4a50021000 rw-p 00000000 00:00 0 
7f4a50021000-7f4a54000000 ---p 00000000 00:00 0 
7f4a54000000-7f4a54021000 rw-p 00000000 00:00 0 
7f4a54021000-7f4a58000000 ---p 00000000 00:00 0 
7f4a58000000-7f4a58021000 rw-p 00000000 00:00 0 
7f4a58021000-7f4a5c000000 ---p 00000000 00:00 0 
7f4a5c054000-7f4a5c05b000 r--s 0004e000 08:07 655702                     /home/stefan/.m2/repository/org/antlr/antlr4-runtime/4.3/antlr4-runtime-4.3.jar
7f4a5c05b000-7f4a5c063000 r--s 00045000 08:07 655698                     /home/stefan/.m2/repository/junit/junit/4.12/junit-4.12.jar
7f4a5c063000-7f4a5c06d000 r--s 00116000 08:07 1056030                    /usr/lib/jvm/java-8-openjdk-amd64/jre/lib/ext/localedata.jar
7f4a5c06d000-7f4a5c088000 r--s 001d5000 08:07 1056025                    /usr/lib/jvm/java-8-openjdk-amd64/jre/lib/ext/nashorn.jar
7f4a5c088000-7f4a5c0a3000 r--s 00394000 08:07 1056024                    /usr/lib/jvm/java-8-openjdk-amd64/jre/lib/ext/cldrdata.jar
7f4a5c0a3000-7f4a5cf90000 rw-p 00000000 00:00 0 
7f4a5cf90000-7f4a5d310000 ---p 00000000 00:00 0 
7f4a5d310000-7f4a65000000 rw-p 00000000 00:00 0 
7f4a65000000-7f4a65270000 rwxp 00000000 00:00 0 
7f4a65270000-7f4a74000000 ---p 00000000 00:00 0 
7f4a74000000-7f4a741d7000 rw-p 00000000 00:00 0 
7f4a741d7000-7f4a78000000 ---p 00000000 00:00 0 
7f4a78006000-7f4a78095000 rw-p 00000000 00:00 0 
7f4a78095000-7f4a78263000 r--s 03bf1000 08:07 1056043                    /usr/lib/jvm/java-8-openjdk-amd64/jre/lib/rt.jar
7f4a78263000-7f4a78aa8000 rw-p 00000000 00:00 0 
7f4a78aa8000-7f4a78aa9000 ---p 00000000 00:00 0 
7f4a78aa9000-7f4a78ba9000 rw-p 00000000 00:00 0 
7f4a78ba9000-7f4a78baa000 ---p 00000000 00:00 0 
7f4a78baa000-7f4a78caa000 rw-p 00000000 00:00 0 
7f4a78caa000-7f4a78cab000 ---p 00000000 00:00 0 
7f4a78cab000-7f4a78dab000 rw-p 00000000 00:00 0 
7f4a78dab000-7f4a78dac000 ---p 00000000 00:00 0 
7f4a78dac000-7f4a78f00000 rw-p 00000000 00:00 0 
7f4a78f00000-7f4a793e1000 ---p 00000000 00:00 0 
7f4a793e1000-7f4a79435000 rw-p 00000000 00:00 0 
7f4a79435000-7f4a79915000 ---p 00000000 00:00 0 
7f4a79915000-7f4a79940000 rw-p 00000000 00:00 0 
7f4a79940000-7f4a79bb0000 ---p 00000000 00:00 0 
7f4a79bb0000-7f4a79bbb000 rw-p 00000000 00:00 0 
7f4a79bbb000-7f4a79f71000 ---p 00000000 00:00 0 
7f4a79f71000-7f4a79f79000 r-xp 00000000 08:07 1056000                    /usr/lib/jvm/java-8-openjdk-amd64/jre/lib/amd64/libzip.so
7f4a79f79000-7f4a7a178000 ---p 00008000 08:07 1056000                    /usr/lib/jvm/java-8-openjdk-amd64/jre/lib/amd64/libzip.so
7f4a7a178000-7f4a7a179000 r--p 00007000 08:07 1056000                    /usr/lib/jvm/java-8-openjdk-amd64/jre/lib/amd64/libzip.so
7f4a7a179000-7f4a7a17a000 rw-p 00008000 08:07 1056000                    /usr/lib/jvm/java-8-openjdk-amd64/jre/lib/amd64/libzip.so
7f4a7a17a000-7f4a7a185000 r-xp 00000000 08:07 2890455                    /lib/x86_64-linux-gnu/libnss_files-2.23.so
7f4a7a185000-7f4a7a384000 ---p 0000b000 08:07 2890455                    /lib/x86_64-linux-gnu/libnss_files-2.23.so
7f4a7a384000-7f4a7a385000 r--p 0000a000 08:07 2890455                    /lib/x86_64-linux-gnu/libnss_files-2.23.so
7f4a7a385000-7f4a7a386000 rw-p 0000b000 08:07 2890455                    /lib/x86_64-linux-gnu/libnss_files-2.23.so
7f4a7a386000-7f4a7a38c000 rw-p 00000000 00:00 0 
7f4a7a38c000-7f4a7a397000 r-xp 00000000 08:07 2890452                    /lib/x86_64-linux-gnu/libnss_nis-2.23.so
7f4a7a397000-7f4a7a596000 ---p 0000b000 08:07 2890452                    /lib/x86_64-linux-gnu/libnss_nis-2.23.so
7f4a7a596000-7f4a7a597000 r--p 0000a000 08:07 2890452                    /lib/x86_64-linux-gnu/libnss_nis-2.23.so
7f4a7a597000-7f4a7a598000 rw-p 0000b000 08:07 2890452                    /lib/x86_64-linux-gnu/libnss_nis-2.23.so
7f4a7a598000-7f4a7a5ae000 r-xp 00000000 08:07 2888423                    /lib/x86_64-linux-gnu/libnsl-2.23.so
7f4a7a5ae000-7f4a7a7ad000 ---p 00016000 08:07 2888423                    /lib/x86_64-linux-gnu/libnsl-2.23.so
7f4a7a7ad000-7f4a7a7ae000 r--p 00015000 08:07 2888423                    /lib/x86_64-linux-gnu/libnsl-2.23.so
7f4a7a7ae000-7f4a7a7af000 rw-p 00016000 08:07 2888423                    /lib/x86_64-linux-gnu/libnsl-2.23.so
7f4a7a7af000-7f4a7a7b1000 rw-p 00000000 00:00 0 
7f4a7a7b1000-7f4a7a7b9000 r-xp 00000000 08:07 2883610                    /lib/x86_64-linux-gnu/libnss_compat-2.23.so
7f4a7a7b9000-7f4a7a9b8000 ---p 00008000 08:07 2883610                    /lib/x86_64-linux-gnu/libnss_compat-2.23.so
7f4a7a9b8000-7f4a7a9b9000 r--p 00007000 08:07 2883610                    /lib/x86_64-linux-gnu/libnss_compat-2.23.so
7f4a7a9b9000-7f4a7a9ba000 rw-p 00008000 08:07 2883610                    /lib/x86_64-linux-gnu/libnss_compat-2.23.so
7f4a7a9ba000-7f4a7a9e7000 r-xp 00000000 08:07 1048905                    /usr/lib/jvm/java-8-openjdk-amd64/jre/lib/amd64/libjava.so
7f4a7a9e7000-7f4a7abe6000 ---p 0002d000 08:07 1048905                    /usr/lib/jvm/java-8-openjdk-amd64/jre/lib/amd64/libjava.so
7f4a7abe6000-7f4a7abe7000 r--p 0002c000 08:07 1048905                    /usr/lib/jvm/java-8-openjdk-amd64/jre/lib/amd64/libjava.so
7f4a7abe7000-7f4a7abe9000 rw-p 0002d000 08:07 1048905                    /usr/lib/jvm/java-8-openjdk-amd64/jre/lib/amd64/libjava.so
7f4a7abe9000-7f4a7abf8000 r-xp 00000000 08:07 1055998                    /usr/lib/jvm/java-8-openjdk-amd64/jre/lib/amd64/libverify.so
7f4a7abf8000-7f4a7adf7000 ---p 0000f000 08:07 1055998                    /usr/lib/jvm/java-8-openjdk-amd64/jre/lib/amd64/libverify.so
7f4a7adf7000-7f4a7adf9000 r--p 0000e000 08:07 1055998                    /usr/lib/jvm/java-8-openjdk-amd64/jre/lib/amd64/libverify.so
7f4a7adf9000-7f4a7adfa000 rw-p 00010000 08:07 1055998                    /usr/lib/jvm/java-8-openjdk-amd64/jre/lib/amd64/libverify.so
7f4a7adfa000-7f4a7ae01000 r-xp 00000000 08:07 2890851                    /lib/x86_64-linux-gnu/librt-2.23.so
7f4a7ae01000-7f4a7b000000 ---p 00007000 08:07 2890851                    /lib/x86_64-linux-gnu/librt-2.23.so
7f4a7b000000-7f4a7b001000 r--p 00006000 08:07 2890851                    /lib/x86_64-linux-gnu/librt-2.23.so
7f4a7b001000-7f4a7b002000 rw-p 00007000 08:07 2890851                    /lib/x86_64-linux-gnu/librt-2.23.so
7f4a7b002000-7f4a7b018000 r-xp 00000000 08:07 2888339                    /lib/x86_64-linux-gnu/libgcc_s.so.1
7f4a7b018000-7f4a7b217000 ---p 00016000 08:07 2888339                    /lib/x86_64-linux-gnu/libgcc_s.so.1
7f4a7b217000-7f4a7b218000 rw-p 00015000 08:07 2888339                    /lib/x86_64-linux-gnu/libgcc_s.so.1
7f4a7b218000-7f4a7b320000 r-xp 00000000 08:07 2890848                    /lib/x86_64-linux-gnu/libm-2.23.so
7f4a7b320000-7f4a7b51f000 ---p 00108000 08:07 2890848                    /lib/x86_64-linux-gnu/libm-2.23.so
7f4a7b51f000-7f4a7b520000 r--p 00107000 08:07 2890848                    /lib/x86_64-linux-gnu/libm-2.23.so
7f4a7b520000-7f4a7b521000 rw-p 00108000 08:07 2890848                    /lib/x86_64-linux-gnu/libm-2.23.so
7f4a7b521000-7f4a7b693000 r-xp 00000000 08:07 921551                     /usr/lib/x86_64-linux-gnu/libstdc++.so.6.0.21
7f4a7b693000-7f4a7b893000 ---p 00172000 08:07 921551                     /usr/lib/x86_64-linux-gnu/libstdc++.so.6.0.21
7f4a7b893000-7f4a7b89d000 r--p 00172000 08:07 921551                     /usr/lib/x86_64-linux-gnu/libstdc++.so.6.0.21
7f4a7b89d000-7f4a7b89f000 rw-p 0017c000 08:07 921551                     /usr/lib/x86_64-linux-gnu/libstdc++.so.6.0.21
7f4a7b89f000-7f4a7b8a3000 rw-p 00000000 00:00 0 
7f4a7b8a3000-7f4a7c4f2000 r-xp 00000000 08:07 1056001                    /usr/lib/jvm/java-8-openjdk-amd64/jre/lib/amd64/server/libjvm.so
7f4a7c4f2000-7f4a7c6f1000 ---p 00c4f000 08:07 1056001                    /usr/lib/jvm/java-8-openjdk-amd64/jre/lib/amd64/server/libjvm.so
7f4a7c6f1000-7f4a7c784000 r--p 00c4e000 08:07 1056001                    /usr/lib/jvm/java-8-openjdk-amd64/jre/lib/amd64/server/libjvm.so
7f4a7c784000-7f4a7c7ad000 rw-p 00ce1000 08:07 1056001                    /usr/lib/jvm/java-8-openjdk-amd64/jre/lib/amd64/server/libjvm.so
7f4a7c7ad000-7f4a7c7dd000 rw-p 00000000 00:00 0 
7f4a7c7dd000-7f4a7c7f5000 r-xp 00000000 08:07 2890855                    /lib/x86_64-linux-gnu/libpthread-2.23.so
7f4a7c7f5000-7f4a7c9f4000 ---p 00018000 08:07 2890855                    /lib/x86_64-linux-gnu/libpthread-2.23.so
7f4a7c9f4000-7f4a7c9f5000 r--p 00017000 08:07 2890855                    /lib/x86_64-linux-gnu/libpthread-2.23.so
7f4a7c9f5000-7f4a7c9f6000 rw-p 00018000 08:07 2890855                    /lib/x86_64-linux-gnu/libpthread-2.23.so
7f4a7c9f6000-7f4a7c9fa000 rw-p 00000000 00:00 0 
7f4a7c9fa000-7f4a7c9fd000 r-xp 00000000 08:07 2890857                    /lib/x86_64-linux-gnu/libdl-2.23.so
7f4a7c9fd000-7f4a7cbfc000 ---p 00003000 08:07 2890857                    /lib/x86_64-linux-gnu/libdl-2.23.so
7f4a7cbfc000-7f4a7cbfd000 r--p 00002000 08:07 2890857                    /lib/x86_64-linux-gnu/libdl-2.23.so
7f4a7cbfd000-7f4a7cbfe000 rw-p 00003000 08:07 2890857                    /lib/x86_64-linux-gnu/libdl-2.23.so
7f4a7cbfe000-7f4a7cc17000 r-xp 00000000 08:07 2888492                    /lib/x86_64-linux-gnu/libz.so.1.2.8
7f4a7cc17000-7f4a7ce16000 ---p 00019000 08:07 2888492                    /lib/x86_64-linux-gnu/libz.so.1.2.8
7f4a7ce16000-7f4a7ce17000 r--p 00018000 08:07 2888492                    /lib/x86_64-linux-gnu/libz.so.1.2.8
7f4a7ce17000-7f4a7ce18000 rw-p 00019000 08:07 2888492                    /lib/x86_64-linux-gnu/libz.so.1.2.8
7f4a7ce18000-7f4a7cfd7000 r-xp 00000000 08:07 2890856                    /lib/x86_64-linux-gnu/libc-2.23.so
7f4a7cfd7000-7f4a7d1d7000 ---p 001bf000 08:07 2890856                    /lib/x86_64-linux-gnu/libc-2.23.so
7f4a7d1d7000-7f4a7d1db000 r--p 001bf000 08:07 2890856                    /lib/x86_64-linux-gnu/libc-2.23.so
7f4a7d1db000-7f4a7d1dd000 rw-p 001c3000 08:07 2890856                    /lib/x86_64-linux-gnu/libc-2.23.so
7f4a7d1dd000-7f4a7d1e1000 rw-p 00000000 00:00 0 
7f4a7d1e1000-7f4a7d1ee000 r-xp 00000000 08:07 1055996                    /usr/lib/jvm/java-8-openjdk-amd64/jre/lib/amd64/jli/libjli.so
7f4a7d1ee000-7f4a7d3ee000 ---p 0000d000 08:07 1055996                    /usr/lib/jvm/java-8-openjdk-amd64/jre/lib/amd64/jli/libjli.so
7f4a7d3ee000-7f4a7d3ef000 r--p 0000d000 08:07 1055996                    /usr/lib/jvm/java-8-openjdk-amd64/jre/lib/amd64/jli/libjli.so
7f4a7d3ef000-7f4a7d3f0000 rw-p 0000e000 08:07 1055996                    /usr/lib/jvm/java-8-openjdk-amd64/jre/lib/amd64/jli/libjli.so
7f4a7d3f0000-7f4a7d416000 r-xp 00000000 08:07 2890852                    /lib/x86_64-linux-gnu/ld-2.23.so
7f4a7d419000-7f4a7d4eb000 rw-p 00000000 00:00 0 
7f4a7d4eb000-7f4a7d4ee000 ---p 00000000 00:00 0 
7f4a7d4ee000-7f4a7d5f1000 rw-p 00000000 00:00 0 
7f4a7d5f2000-7f4a7d5f3000 r--s 00002000 08:07 655706                     /home/stefan/.m2/repository/org/antlr/antlr4-annotations/4.3/antlr4-annotations-4.3.jar
7f4a7d5f3000-7f4a7d5f5000 r--s 00005000 08:07 655704                     /home/stefan/.m2/repository/org/abego/treelayout/org.abego.treelayout.core/1.0.1/org.abego.treelayout.core-1.0.1.jar
7f4a7d5f5000-7f4a7d5f7000 r--s 00009000 08:07 655700                     /home/stefan/.m2/repository/org/hamcrest/hamcrest-core/1.3/hamcrest-core-1.3.jar
7f4a7d5f7000-7f4a7d5f9000 r--s 00008000 08:07 1056029                    /usr/lib/jvm/java-8-openjdk-amd64/jre/lib/ext/sunec.jar
7f4a7d5f9000-7f4a7d5fe000 r--s 0003b000 08:07 1056026                    /usr/lib/jvm/java-8-openjdk-amd64/jre/lib/ext/sunjce_provider.jar
7f4a7d5fe000-7f4a7d5ff000 r--s 00010000 08:07 1056031                    /usr/lib/jvm/java-8-openjdk-amd64/jre/lib/ext/zipfs.jar
7f4a7d5ff000-7f4a7d602000 r--s 0000f000 08:07 1056032                    /usr/lib/jvm/java-8-openjdk-amd64/jre/lib/ext/icedtea-sound.jar
7f4a7d602000-7f4a7d603000 r--s 0000a000 08:07 1056028                    /usr/lib/jvm/java-8-openjdk-amd64/jre/lib/ext/jaccess.jar
7f4a7d603000-7f4a7d605000 r--s 00001000 08:07 1056033                    /usr/lib/jvm/java-8-openjdk-amd64/jre/lib/ext/dnsns.jar
7f4a7d605000-7f4a7d609000 r--s 00037000 08:07 1056027                    /usr/lib/jvm/java-8-openjdk-amd64/jre/lib/ext/sunpkcs11.jar
7f4a7d609000-7f4a7d611000 rw-s 00000000 08:07 2624970                    /tmp/hsperfdata_stefan/12075
7f4a7d611000-7f4a7d612000 rw-p 00000000 00:00 0 
7f4a7d612000-7f4a7d613000 r--p 00000000 00:00 0 
7f4a7d613000-7f4a7d615000 rw-p 00000000 00:00 0 
7f4a7d615000-7f4a7d616000 r--p 00025000 08:07 2890852                    /lib/x86_64-linux-gnu/ld-2.23.so
7f4a7d616000-7f4a7d617000 rw-p 00026000 08:07 2890852                    /lib/x86_64-linux-gnu/ld-2.23.so
7f4a7d617000-7f4a7d618000 rw-p 00000000 00:00 0 
7fff6bdde000-7fff6bdff000 rw-p 00000000 00:00 0                          [stack]
7fff6be21000-7fff6be23000 r--p 00000000 00:00 0                          [vvar]
7fff6be23000-7fff6be25000 r-xp 00000000 00:00 0                          [vdso]
ffffffffff600000-ffffffffff601000 r-xp 00000000 00:00 0                  [vsyscall]

VM Arguments:
jvm_args: -ea -Dfile.encoding=UTF-8 
java_command: org.eclipse.jdt.internal.junit.runner.RemoteTestRunner -version 3 -port 41431 -testLoaderClass org.eclipse.jdt.internal.junit4.runner.JUnit4TestLoader -loaderpluginname org.eclipse.jdt.junit4.runtime -classNames de.lab4inf.wrb.Prak4TesterHeir
java_class_path (initial): /home/stefan/git/wulffrunsbeta/target/test-classes:/home/stefan/git/wulffrunsbeta/target/classes:/home/stefan/.m2/repository/junit/junit/4.12/junit-4.12.jar:/home/stefan/.m2/repository/org/hamcrest/hamcrest-core/1.3/hamcrest-core-1.3.jar:/home/stefan/.m2/repository/org/antlr/antlr4-runtime/4.3/antlr4-runtime-4.3.jar:/home/stefan/.m2/repository/org/abego/treelayout/org.abego.treelayout.core/1.0.1/org.abego.treelayout.core-1.0.1.jar:/home/stefan/.m2/repository/org/antlr/antlr4-annotations/4.3/antlr4-annotations-4.3.jar:/home/stefan/eclipse-neon-jee/configuration/org.eclipse.osgi/388/0/.cp/:/home/stefan/eclipse-neon-jee/configuration/org.eclipse.osgi/387/0/.cp/
Launcher Type: SUN_STANDARD

Environment Variables:
PATH=/usr/local/sbin:/usr/local/bin:/usr/sbin:/usr/bin:/sbin:/bin:/usr/games:/usr/local/games
USERNAME=stefan
SHELL=/bin/bash
DISPLAY=:0

Signal Handlers:
SIGSEGV: [libjvm.so+0xa65880], sa_mask[0]=11111111011111111101111111111110, sa_flags=SA_RESTART|SA_SIGINFO
SIGBUS: [libjvm.so+0xa65880], sa_mask[0]=11111111011111111101111111111110, sa_flags=SA_RESTART|SA_SIGINFO
SIGFPE: [libjvm.so+0x8af1c0], sa_mask[0]=11111111011111111101111111111110, sa_flags=SA_RESTART|SA_SIGINFO
SIGPIPE: [libjvm.so+0x8af1c0], sa_mask[0]=11111111011111111101111111111110, sa_flags=SA_RESTART|SA_SIGINFO
SIGXFSZ: [libjvm.so+0x8af1c0], sa_mask[0]=11111111011111111101111111111110, sa_flags=SA_RESTART|SA_SIGINFO
SIGILL: [libjvm.so+0x8af1c0], sa_mask[0]=11111111011111111101111111111110, sa_flags=SA_RESTART|SA_SIGINFO
SIGUSR1: SIG_DFL, sa_mask[0]=00000000000000000000000000000000, sa_flags=none
SIGUSR2: [libjvm.so+0x8af070], sa_mask[0]=00100000000000000000000000000000, sa_flags=SA_RESTART|SA_SIGINFO
SIGHUP: [libjvm.so+0x8af540], sa_mask[0]=11111111011111111101111111111110, sa_flags=SA_RESTART|SA_SIGINFO
SIGINT: [libjvm.so+0x8af540], sa_mask[0]=11111111011111111101111111111110, sa_flags=SA_RESTART|SA_SIGINFO
SIGTERM: [libjvm.so+0x8af540], sa_mask[0]=11111111011111111101111111111110, sa_flags=SA_RESTART|SA_SIGINFO
SIGQUIT: [libjvm.so+0x8af540], sa_mask[0]=11111111011111111101111111111110, sa_flags=SA_RESTART|SA_SIGINFO


---------------  S Y S T E M  ---------------

OS:DISTRIB_ID=LinuxMint
DISTRIB_RELEASE=18
DISTRIB_CODENAME=sarah
DISTRIB_DESCRIPTION="Linux Mint 18 Sarah"

uname:Linux 4.4.0-21-generic #37-Ubuntu SMP Mon Apr 18 18:33:37 UTC 2016 x86_64
libc:glibc 2.23 NPTL 2.23 
rlimit: STACK 8192k, CORE 0k, NPROC 63798, NOFILE 65536, AS infinity
load average:0,97 0,83 0,86

/proc/meminfo:
MemTotal:       16373672 kB
MemFree:        12553412 kB
MemAvailable:   13714596 kB
Buffers:          114920 kB
Cached:          1075092 kB
SwapCached:            0 kB
Active:          2900228 kB
Inactive:         735100 kB
Active(anon):    2446584 kB
Inactive(anon):    43596 kB
Active(file):     453644 kB
Inactive(file):   691504 kB
Unevictable:           0 kB
Mlocked:               0 kB
SwapTotal:       1952764 kB
SwapFree:        1952764 kB
Dirty:             11624 kB
Writeback:             0 kB
AnonPages:       2445396 kB
Mapped:           291180 kB
Shmem:             44868 kB
Slab:             102904 kB
SReclaimable:      76492 kB
SUnreclaim:        26412 kB
KernelStack:        8304 kB
PageTables:        23444 kB
NFS_Unstable:          0 kB
Bounce:                0 kB
WritebackTmp:          0 kB
CommitLimit:    10139600 kB
Committed_AS:    4337016 kB
VmallocTotal:   34359738367 kB
VmallocUsed:           0 kB
VmallocChunk:          0 kB
HardwareCorrupted:     0 kB
AnonHugePages:   1691648 kB
CmaTotal:              0 kB
CmaFree:               0 kB
HugePages_Total:       0
HugePages_Free:        0
HugePages_Rsvd:        0
HugePages_Surp:        0
Hugepagesize:       2048 kB
DirectMap4k:      110836 kB
DirectMap2M:     2975744 kB
DirectMap1G:    14680064 kB


CPU:total 4 (4 cores per cpu, 1 threads per core) family 6 model 60 stepping 3, cmov, cx8, fxsr, mmx, sse, sse2, sse3, ssse3, sse4.1, sse4.2, popcnt, avx, avx2, aes, clmul, erms, rtm, lzcnt, tsc, tscinvbit, bmi1, bmi2

/proc/cpuinfo:
processor	: 0
vendor_id	: GenuineIntel
cpu family	: 6
model		: 60
model name	: Intel(R) Core(TM) i5-4690 CPU @ 3.50GHz
stepping	: 3
microcode	: 0x19
cpu MHz		: 3571.640
cache size	: 6144 KB
physical id	: 0
siblings	: 4
core id		: 0
cpu cores	: 4
apicid		: 0
initial apicid	: 0
fpu		: yes
fpu_exception	: yes
cpuid level	: 13
wp		: yes
flags		: fpu vme de pse tsc msr pae mce cx8 apic sep mtrr pge mca cmov pat pse36 clflush dts acpi mmx fxsr sse sse2 ss ht tm pbe syscall nx pdpe1gb rdtscp lm constant_tsc arch_perfmon pebs bts rep_good nopl xtopology nonstop_tsc aperfmperf eagerfpu pni pclmulqdq dtes64 monitor ds_cpl vmx smx est tm2 ssse3 sdbg fma cx16 xtpr pdcm pcid sse4_1 sse4_2 x2apic movbe popcnt tsc_deadline_timer aes xsave avx f16c rdrand lahf_lm abm epb tpr_shadow vnmi flexpriority ept vpid fsgsbase tsc_adjust bmi1 hle avx2 smep bmi2 erms invpcid rtm xsaveopt dtherm ida arat pln pts
bugs		:
bogomips	: 6996.35
clflush size	: 64
cache_alignment	: 64
address sizes	: 39 bits physical, 48 bits virtual
power management:

processor	: 1
vendor_id	: GenuineIntel
cpu family	: 6
model		: 60
model name	: Intel(R) Core(TM) i5-4690 CPU @ 3.50GHz
stepping	: 3
microcode	: 0x19
cpu MHz		: 3500.000
cache size	: 6144 KB
physical id	: 0
siblings	: 4
core id		: 1
cpu cores	: 4
apicid		: 2
initial apicid	: 2
fpu		: yes
fpu_exception	: yes
cpuid level	: 13
wp		: yes
flags		: fpu vme de pse tsc msr pae mce cx8 apic sep mtrr pge mca cmov pat pse36 clflush dts acpi mmx fxsr sse sse2 ss ht tm pbe syscall nx pdpe1gb rdtscp lm constant_tsc arch_perfmon pebs bts rep_good nopl xtopology nonstop_tsc aperfmperf eagerfpu pni pclmulqdq dtes64 monitor ds_cpl vmx smx est tm2 ssse3 sdbg fma cx16 xtpr pdcm pcid sse4_1 sse4_2 x2apic movbe popcnt tsc_deadline_timer aes xsave avx f16c rdrand lahf_lm abm epb tpr_shadow vnmi flexpriority ept vpid fsgsbase tsc_adjust bmi1 hle avx2 smep bmi2 erms invpcid rtm xsaveopt dtherm ida arat pln pts
bugs		:
bogomips	: 6996.35
clflush size	: 64
cache_alignment	: 64
address sizes	: 39 bits physical, 48 bits virtual
power management:

processor	: 2
vendor_id	: GenuineIntel
cpu family	: 6
model		: 60
model name	: Intel(R) Core(TM) i5-4690 CPU @ 3.50GHz
stepping	: 3
microcode	: 0x19
cpu MHz		: 3500.000
cache size	: 6144 KB
physical id	: 0
siblings	: 4
core id		: 2
cpu cores	: 4
apicid		: 4
initial apicid	: 4
fpu		: yes
fpu_exception	: yes
cpuid level	: 13
wp		: yes
flags		: fpu vme de pse tsc msr pae mce cx8 apic sep mtrr pge mca cmov pat pse36 clflush dts acpi mmx fxsr sse sse2 ss ht tm pbe syscall nx pdpe1gb rdtscp lm constant_tsc arch_perfmon pebs bts rep_good nopl xtopology nonstop_tsc aperfmperf eagerfpu pni pclmulqdq dtes64 monitor ds_cpl vmx smx est tm2 ssse3 sdbg fma cx16 xtpr pdcm pcid sse4_1 sse4_2 x2apic movbe popcnt tsc_deadline_timer aes xsave avx f16c rdrand lahf_lm abm epb tpr_shadow vnmi flexpriority ept vpid fsgsbase tsc_adjust bmi1 hle avx2 smep bmi2 erms invpcid rtm xsaveopt dtherm ida arat pln pts
bugs		:
bogomips	: 6996.35
clflush size	: 64
cache_alignment	: 64
address sizes	: 39 bits physical, 48 bits virtual
power management:

processor	: 3
vendor_id	: GenuineIntel
cpu family	: 6
model		: 60
model name	: Intel(R) Core(TM) i5-4690 CPU @ 3.50GHz
stepping	: 3
microcode	: 0x19
cpu MHz		: 3500.000
cache size	: 6144 KB
physical id	: 0
siblings	: 4
core id		: 3
cpu cores	: 4
apicid		: 6
initial apicid	: 6
fpu		: yes
fpu_exception	: yes
cpuid level	: 13
wp		: yes
flags		: fpu vme de pse tsc msr pae mce cx8 apic sep mtrr pge mca cmov pat pse36 clflush dts acpi mmx fxsr sse sse2 ss ht tm pbe syscall nx pdpe1gb rdtscp lm constant_tsc arch_perfmon pebs bts rep_good nopl xtopology nonstop_tsc aperfmperf eagerfpu pni pclmulqdq dtes64 monitor ds_cpl vmx smx est tm2 ssse3 sdbg fma cx16 xtpr pdcm pcid sse4_1 sse4_2 x2apic movbe popcnt tsc_deadline_timer aes xsave avx f16c rdrand lahf_lm abm epb tpr_shadow vnmi flexpriority ept vpid fsgsbase tsc_adjust bmi1 hle avx2 smep bmi2 erms invpcid rtm xsaveopt dtherm ida arat pln pts
bugs		:
bogomips	: 6996.35
clflush size	: 64
cache_alignment	: 64
address sizes	: 39 bits physical, 48 bits virtual
power management:



Memory: 4k page, physical 16373672k(12553412k free), swap 1952764k(1952764k free)

vm_info: OpenJDK 64-Bit Server VM (25.111-b14) for linux-amd64 JRE (1.8.0_111-8u111-b14-2ubuntu0.16.04.2-b14), built on Oct 27 2016 18:10:19 by "buildd" with gcc 5.4.0 20160609

time: Wed Dec  7 15:04:17 2016
elapsed time: 0 seconds (0d 0h 0m 0s)

